(---------------------------------------------------------------------)
(                                                                     )
(    Allegro Netrev Import Logic                                      )
(                                                                     )
(    Drawing          : arduino.brd                                   )
(    Software Version : 17.2P019                                      )
(    Date/Time        : Fri Aug 02 14:56:20 2019                      )
(                                                                     )
(---------------------------------------------------------------------)


------ Directives ------------

Ripup etch:                  No
Ripup delete first segment:  No
Ripup retain bondwire:       No
Ripup symbols:               Always
Missing symbol has error:    No
DRC update:                  Yes
Schematic directory:         'arduino'
Design Directory:            '.'
Old design name:             'C:/Users/user/Documents/카카오톡 받은 파일/cwqcwcqwc/arduino.brd'
New design name:             'C:/Users/user/Documents/카카오톡 받은 파일/cwqcwcqwc/arduino.brd'

CmdLine: netrev -$ -i arduino -y 1 -q netrev_constraint_report.xml C:/Users/user/Documents/카카오톡 받은 파일/cwqcwcqwc/#Taaaaab16032.tmp

------ Preparing to read pst files ------


#1   ERROR(24) File not found
     Packager files not found

#2   ERROR(102) Run stopped because errors were detected

netrev run on Aug 2 14:56:20 2019

   COMPILE 'logic'
   CHECK_PIN_NAMES OFF
   CROSS_REFERENCE OFF
   FEEDBACK OFF
   INCREMENTAL OFF
   INTERFACE_TYPE PHYSICAL
   MAX_ERRORS 500
   MERGE_MINIMUM 5
   NET_NAME_CHARS '#%&()*+-./:=>?@[]^_`|'
   NET_NAME_LENGTH 24
   OVERSIGHTS ON
   REPLACE_CHECK OFF
   SINGLE_NODE_NETS ON
   SPLIT_MINIMUM 0
   SUPPRESS   20
   WARNINGS ON

  2 errors detected
 No oversight detected
 No warning detected

cpu time      0:01:04
elapsed time  0:00:00

